빌드 시작: 10월 30일 목요일 오후 7:08:32
     1>2 노드의 "D:\Develope\Visual Studio C++\ReadyRes\ApiDraw\ApiDraw11\ApiDraw.vcxproj" 프로젝트(Build 대상)입니다.
     1>ClCompile:
         C:\Program Files (x86)\Microsoft Visual Studio 12.0\VC\bin\CL.exe /c /ZI /nologo /W3 /WX- /Od /Oy- /D WIN32 /D _DEBUG /D _WINDOWS /D _MBCS /Gm /EHsc /RTC1 /MTd /GS /fp:precise /Zc:wchar_t /Zc:forScope /Fo"Debug\\" /Fd"Debug\vc120.pdb" /Gd /TP /analyze- /errorReport:prompt ApiDraw.cpp
         ApiDraw.cpp
     1>d:\develope\visual studio c++\readyres\apidraw\apidraw11\apidraw.cpp(227): warning C4996: 'GetVersionExA': deprecated로 선언되었습니다.
                 c:\program files (x86)\windows kits\8.1\include\um\sysinfoapi.h(433) : 'GetVersionExA' 선언을 참조하십시오.
     1>d:\develope\visual studio c++\readyres\apidraw\apidraw11\apidraw.cpp(1806): warning C4996: 'strcpy': This function or variable may be unsafe. Consider using strcpy_s instead. To disable deprecation, use _CRT_SECURE_NO_WARNINGS. See online help for details.
                 c:\program files (x86)\microsoft visual studio 12.0\vc\include\string.h(112) : 'strcpy' 선언을 참조하십시오.
       ResourceCompile:
         C:\Program Files (x86)\Windows Kits\8.1\bin\x86\rc.exe /l"0x0409" /nologo /fo"Debug\ApiDraw.res" ApiDraw.rc 
       Link:
         C:\Program Files (x86)\Microsoft Visual Studio 12.0\VC\bin\link.exe /ERRORREPORT:PROMPT /OUT:"Debug\ApiDraw.exe" /INCREMENTAL /NOLOGO kernel32.lib user32.lib gdi32.lib winspool.lib comdlg32.lib advapi32.lib shell32.lib ole32.lib oleaut32.lib uuid.lib odbc32.lib odbccp32.lib /MANIFEST /MANIFESTUAC:"level='asInvoker' uiAccess='false'" /manifest:embed /DEBUG /PDB:"Debug\ApiDraw.pdb" /SUBSYSTEM:WINDOWS /TLBID:1 /DYNAMICBASE /NXCOMPAT /IMPLIB:"Debug\ApiDraw.lib" /MACHINE:X86 /SAFESEH Debug\ApiDraw.res
         Debug\ApiDraw.obj
     1>ApiDraw.obj : warning LNK4075: '/EDITANDCONTINUE'이(가) '/SAFESEH' 사양으로 인해 무시됩니다.
     1>ApiDraw.obj : error LNK2019: __imp__InitCommonControls@0 외부 기호(참조 위치: "long __cdecl Main_OnCreate(struct HWND__ *,unsigned int,long)" (?Main_OnCreate@@YAJPAUHWND__@@IJ@Z) 함수)에서 확인하지 못했습니다.
     1>ApiDraw.obj : error LNK2019: __imp__CreateToolbarEx@52 외부 기호(참조 위치: "void __cdecl CreateToolBar(void)" (?CreateToolBar@@YAXXZ) 함수)에서 확인하지 못했습니다.
     1>Debug\ApiDraw.exe : fatal error LNK1120: 2개의 확인할 수 없는 외부 참조입니다.
     1>"D:\Develope\Visual Studio C++\ReadyRes\ApiDraw\ApiDraw11\ApiDraw.vcxproj" 프로젝트를 빌드했습니다(Build 대상). - 실패

빌드하지 못했습니다.

경과 시간: 00:00:00.94
