550 행: wma1 컨트롤의 WMPLibCtl.WindowsMediaPlayer 클래스는 로드한 컨트롤 클래스가 아닙니다.
557 행: wma1의 URL 속성 이름이 잘못되었습니다. 
558 행: wma1의 rate 속성 이름이 잘못되었습니다. 
559 행: wma1의 balance 속성 이름이 잘못되었습니다. 
560 행: wma1의 currentPosition 속성 이름이 잘못되었습니다. 
561 행: wma1의 defaultFrame 속성 이름이 잘못되었습니다. 
562 행: wma1의 playCount 속성 이름이 잘못되었습니다. 
563 행: wma1의 autoStart 속성 이름이 잘못되었습니다. 
564 행: wma1의 currentMarker 속성 이름이 잘못되었습니다. 
565 행: wma1의 invokeURLs 속성 이름이 잘못되었습니다. 
566 행: wma1의 baseURL 속성 이름이 잘못되었습니다. 
567 행: wma1의 volume 속성 이름이 잘못되었습니다. 
568 행: wma1의 mute 속성 이름이 잘못되었습니다. 
569 행: wma1의 uiMode 속성 이름이 잘못되었습니다. 
570 행: wma1의 stretchToFit 속성 이름이 잘못되었습니다. 
571 행: wma1의 windowlessVideo 속성 이름이 잘못되었습니다. 
573 행: wma1의 enableContextMenu 속성 이름이 잘못되었습니다. 
574 행: wma1의 fullScreen 속성 이름이 잘못되었습니다. 
575 행: wma1의 SAMIStyle 속성 이름이 잘못되었습니다. 
576 행: wma1의 SAMILang 속성 이름이 잘못되었습니다. 
577 행: wma1의 SAMIFilename 속성 이름이 잘못되었습니다. 
578 행: wma1의 captioningID 속성 이름이 잘못되었습니다. 
579 행: wma1의 enableErrorDialogs 속성 이름이 잘못되었습니다. 
580 행: wma1의 _cx 속성 이름이 잘못되었습니다. 
581 행: wma1의 _cy 속성 이름이 잘못되었습니다. 
