24 행: vkBar21 컨트롤의 vkUserContolsXP.vkBar 클래스는 로드한 컨트롤 클래스가 아닙니다.
47 행: vkLabel2 컨트롤의 vkUserContolsXP.vkLabel 클래스는 로드한 컨트롤 클래스가 아닙니다.
69 행: vkFrame9 컨트롤의 vkUserContolsXP.vkFrame 클래스는 로드한 컨트롤 클래스가 아닙니다.
91 행: vkOptionButton2 컨트롤의 vkUserContolsXP.vkOptionButton 클래스는 로드한 컨트롤 클래스가 아닙니다.
113 행: vkCheck6 컨트롤의 vkUserContolsXP.vkCheck 클래스는 로드한 컨트롤 클래스가 아닙니다.
134 행: vkLabel3 컨트롤의 vkUserContolsXP.vkLabel 클래스는 로드한 컨트롤 클래스가 아닙니다.
155 행: vkCommand230 컨트롤의 vkUserContolsXP.vkCommand 클래스는 로드한 컨트롤 클래스가 아닙니다.
174 행: vkToggleButton2 컨트롤의 vkUserContolsXP.vkToggleButton 클래스는 로드한 컨트롤 클래스가 아닙니다.
194 행: vkListBox4 컨트롤의 vkUserContolsXP.vkListBox 클래스는 로드한 컨트롤 클래스가 아닙니다.
214 행: vkTextBox4 컨트롤의 vkUserContolsXP.vkTextBox 클래스는 로드한 컨트롤 클래스가 아닙니다.
246 행: vkTimer2 컨트롤의 vkUserContolsXP.vkTimer 클래스는 로드한 컨트롤 클래스가 아닙니다.
254 행: vkListBox3 컨트롤의 vkUserContolsXP.vkListBox 클래스는 로드한 컨트롤 클래스가 아닙니다.
273 행: vkFrame8 컨트롤의 vkUserContolsXP.vkFrame 클래스는 로드한 컨트롤 클래스가 아닙니다.
291 행: vkTimer1 컨트롤의 vkUserContolsXP.vkTimer 클래스는 로드한 컨트롤 클래스가 아닙니다.
298 행: vkCommand22 컨트롤의 vkUserContolsXP.vkCommand 클래스는 로드한 컨트롤 클래스가 아닙니다.
317 행: vkCommand21 컨트롤의 vkUserContolsXP.vkCommand 클래스는 로드한 컨트롤 클래스가 아닙니다.
336 행: vkBar3 컨트롤의 vkUserContolsXP.vkBar 클래스는 로드한 컨트롤 클래스가 아닙니다.
359 행: vkFrame7 컨트롤의 vkUserContolsXP.vkFrame 클래스는 로드한 컨트롤 클래스가 아닙니다.
377 행: vkListBox2 컨트롤의 vkUserContolsXP.vkListBox 클래스는 로드한 컨트롤 클래스가 아닙니다.
397 행: vkCommand20 컨트롤의 vkUserContolsXP.vkCommand 클래스는 로드한 컨트롤 클래스가 아닙니다.
416 행: vkTextBox3 컨트롤의 vkUserContolsXP.vkTextBox 클래스는 로드한 컨트롤 클래스가 아닙니다.
446 행: vkScrollContainer1 컨트롤의 vkUserContolsXP.vkScrollContainer 클래스는 로드한 컨트롤 클래스가 아닙니다.
456 행: vkCommand19 컨트롤의 vkUserContolsXP.vkCommand 클래스는 로드한 컨트롤 클래스가 아닙니다.
485 행: vkCommand19 컨트롤의 vkUserContolsXP.vkCommand 클래스는 로드한 컨트롤 클래스가 아닙니다.
512 행: vkVScroll4 컨트롤의 vkUserContolsXP.vkVScroll 클래스는 로드한 컨트롤 클래스가 아닙니다.
526 행: vkVScroll3 컨트롤의 vkUserContolsXP.vkVScroll 클래스는 로드한 컨트롤 클래스가 아닙니다.
542 행: vkFrame6 컨트롤의 vkUserContolsXP.vkFrame 클래스는 로드한 컨트롤 클래스가 아닙니다.
569 행: vkFrame6 컨트롤의 vkUserContolsXP.vkFrame 클래스는 로드한 컨트롤 클래스가 아닙니다.
599 행: vkBar2 컨트롤의 vkUserContolsXP.vkBar 클래스는 로드한 컨트롤 클래스가 아닙니다.
624 행: vkBar2 컨트롤의 vkUserContolsXP.vkBar 클래스는 로드한 컨트롤 클래스가 아닙니다.
651 행: vkBar2 컨트롤의 vkUserContolsXP.vkBar 클래스는 로드한 컨트롤 클래스가 아닙니다.
673 행: vkBar2 컨트롤의 vkUserContolsXP.vkBar 클래스는 로드한 컨트롤 클래스가 아닙니다.
698 행: vkBar2 컨트롤의 vkUserContolsXP.vkBar 클래스는 로드한 컨트롤 클래스가 아닙니다.
725 행: vkOptionButton1 컨트롤의 vkUserContolsXP.vkOptionButton 클래스는 로드한 컨트롤 클래스가 아닙니다.
748 행: vkOptionButton1 컨트롤의 vkUserContolsXP.vkOptionButton 클래스는 로드한 컨트롤 클래스가 아닙니다.
771 행: vkOptionButton1 컨트롤의 vkUserContolsXP.vkOptionButton 클래스는 로드한 컨트롤 클래스가 아닙니다.
792 행: vkCheck5 컨트롤의 vkUserContolsXP.vkCheck 클래스는 로드한 컨트롤 클래스가 아닙니다.
813 행: vkCheck5 컨트롤의 vkUserContolsXP.vkCheck 클래스는 로드한 컨트롤 클래스가 아닙니다.
834 행: vkCheck5 컨트롤의 vkUserContolsXP.vkCheck 클래스는 로드한 컨트롤 클래스가 아닙니다.
854 행: vkCommand19 컨트롤의 vkUserContolsXP.vkCommand 클래스는 로드한 컨트롤 클래스가 아닙니다.
883 행: vkCommand19 컨트롤의 vkUserContolsXP.vkCommand 클래스는 로드한 컨트롤 클래스가 아닙니다.
912 행: vkCommand19 컨트롤의 vkUserContolsXP.vkCommand 클래스는 로드한 컨트롤 클래스가 아닙니다.
941 행: vkCommand19 컨트롤의 vkUserContolsXP.vkCommand 클래스는 로드한 컨트롤 클래스가 아닙니다.
961 행: vkFrame4 컨트롤의 vkUserContolsXP.vkFrame 클래스는 로드한 컨트롤 클래스가 아닙니다.
979 행: vkCommand11 컨트롤의 vkUserContolsXP.vkCommand 클래스는 로드한 컨트롤 클래스가 아닙니다.
998 행: vkCommand10 컨트롤의 vkUserContolsXP.vkCommand 클래스는 로드한 컨트롤 클래스가 아닙니다.
1017 행: vkCommand8 컨트롤의 vkUserContolsXP.vkCommand 클래스는 로드한 컨트롤 클래스가 아닙니다.
1036 행: vkCommand7 컨트롤의 vkUserContolsXP.vkCommand 클래스는 로드한 컨트롤 클래스가 아닙니다.
1055 행: vkCommand4 컨트롤의 vkUserContolsXP.vkCommand 클래스는 로드한 컨트롤 클래스가 아닙니다.
1074 행: vkCommand6 컨트롤의 vkUserContolsXP.vkCommand 클래스는 로드한 컨트롤 클래스가 아닙니다.
1093 행: vkCheck4 컨트롤의 vkUserContolsXP.vkCheck 클래스는 로드한 컨트롤 클래스가 아닙니다.
1115 행: vkCheck3 컨트롤의 vkUserContolsXP.vkCheck 클래스는 로드한 컨트롤 클래스가 아닙니다.
1137 행: vkCheck2 컨트롤의 vkUserContolsXP.vkCheck 클래스는 로드한 컨트롤 클래스가 아닙니다.
1159 행: vkCheck1 컨트롤의 vkUserContolsXP.vkCheck 클래스는 로드한 컨트롤 클래스가 아닙니다.
1180 행: vkCommand9 컨트롤의 vkUserContolsXP.vkCommand 클래스는 로드한 컨트롤 클래스가 아닙니다.
1199 행: vkCommand5 컨트롤의 vkUserContolsXP.vkCommand 클래스는 로드한 컨트롤 클래스가 아닙니다.
1219 행: vkSysTray1 컨트롤의 vkUserContolsXP.vkSysTray 클래스는 로드한 컨트롤 클래스가 아닙니다.
1225 행: vkLabel1 컨트롤의 vkUserContolsXP.vkLabel 클래스는 로드한 컨트롤 클래스가 아닙니다.
1246 행: vkOption1 컨트롤의 vkUserContolsXP.vkOptionButton 클래스는 로드한 컨트롤 클래스가 아닙니다.
1267 행: vkCheckBox1 컨트롤의 vkUserContolsXP.vkCheck 클래스는 로드한 컨트롤 클래스가 아닙니다.
1287 행: vkBar1 컨트롤의 vkUserContolsXP.vkBar 클래스는 로드한 컨트롤 클래스가 아닙니다.
1308 행: vkCommand2 컨트롤의 vkUserContolsXP.vkCommand 클래스는 로드한 컨트롤 클래스가 아닙니다.
1329 행: vkVScroll1 컨트롤의 vkUserContolsXP.vkVScroll 클래스는 로드한 컨트롤 클래스가 아닙니다.
1338 행: vkHScroll1 컨트롤의 vkUserContolsXP.vkHScroll 클래스는 로드한 컨트롤 클래스가 아닙니다.
1347 행: vkFrame1 컨트롤의 vkUserContolsXP.vkFrame 클래스는 로드한 컨트롤 클래스가 아닙니다.
1368 행: vkToggleButton1 컨트롤의 vkUserContolsXP.vkToggleButton 클래스는 로드한 컨트롤 클래스가 아닙니다.
1391 행: vkFrame5 컨트롤의 vkUserContolsXP.vkFrame 클래스는 로드한 컨트롤 클래스가 아닙니다.
1409 행: vkCommand17 컨트롤의 vkUserContolsXP.vkCommand 클래스는 로드한 컨트롤 클래스가 아닙니다.
1428 행: vkCommand16 컨트롤의 vkUserContolsXP.vkCommand 클래스는 로드한 컨트롤 클래스가 아닙니다.
1447 행: vkCommand15 컨트롤의 vkUserContolsXP.vkCommand 클래스는 로드한 컨트롤 클래스가 아닙니다.
1466 행: vkCommand14 컨트롤의 vkUserContolsXP.vkCommand 클래스는 로드한 컨트롤 클래스가 아닙니다.
1485 행: vkCommand13 컨트롤의 vkUserContolsXP.vkCommand 클래스는 로드한 컨트롤 클래스가 아닙니다.
1505 행: vkFrame3 컨트롤의 vkUserContolsXP.vkFrame 클래스는 로드한 컨트롤 클래스가 아닙니다.
1523 행: vkUpDown4 컨트롤의 vkUserContolsXP.vkUpDown 클래스는 로드한 컨트롤 클래스가 아닙니다.
1533 행: vkUpDown3 컨트롤의 vkUserContolsXP.vkUpDown 클래스는 로드한 컨트롤 클래스가 아닙니다.
1542 행: vkUpDown2 컨트롤의 vkUserContolsXP.vkUpDown 클래스는 로드한 컨트롤 클래스가 아닙니다.
1552 행: vkUpDown1 컨트롤의 vkUserContolsXP.vkUpDown 클래스는 로드한 컨트롤 클래스가 아닙니다.
1562 행: vkFrame2 컨트롤의 vkUserContolsXP.vkFrame 클래스는 로드한 컨트롤 클래스가 아닙니다.
1581 행: vkVScroll2 컨트롤의 vkUserContolsXP.vkVScroll 클래스는 로드한 컨트롤 클래스가 아닙니다.
1591 행: vkCommand3 컨트롤의 vkUserContolsXP.vkCommand 클래스는 로드한 컨트롤 클래스가 아닙니다.
1610 행: vkOption2 컨트롤의 vkUserContolsXP.vkOptionButton 클래스는 로드한 컨트롤 클래스가 아닙니다.
1632 행: vkOption3 컨트롤의 vkUserContolsXP.vkOptionButton 클래스는 로드한 컨트롤 클래스가 아닙니다.
1657 행: vkCommand18 컨트롤의 vkUserContolsXP.vkCommand 클래스는 로드한 컨트롤 클래스가 아닙니다.
1676 행: vkTextBox2 컨트롤의 vkUserContolsXP.vkTextBox 클래스는 로드한 컨트롤 클래스가 아닙니다.
1708 행: vkTextBox1 컨트롤의 vkUserContolsXP.vkTextBox 클래스는 로드한 컨트롤 클래스가 아닙니다.
1744 행: lstFile 컨트롤의 vkUserContolsXP.vkListBox 클래스는 로드한 컨트롤 클래스가 아닙니다.
1766 행: vkListBox1 컨트롤의 vkUserContolsXP.vkListBox 클래스는 로드한 컨트롤 클래스가 아닙니다.
1788 행: vkCommand12 컨트롤의 vkUserContolsXP.vkCommand 클래스는 로드한 컨트롤 클래스가 아닙니다.
1807 행: List2 컨트롤의 vkUserContolsXP.vkListBox 클래스는 로드한 컨트롤 클래스가 아닙니다.
1829 행: List 컨트롤의 vkUserContolsXP.vkListBox 클래스는 로드한 컨트롤 클래스가 아닙니다.
1849 행: vkCommand1 컨트롤의 vkUserContolsXP.vkCommand 클래스는 로드한 컨트롤 클래스가 아닙니다.
