c:\users\administrator\documents\visual studio 2010\projects\win32projects\myschoolproject_df\myschoolproject_df\debug\source.obj
c:\users\administrator\documents\visual studio 2010\projects\win32projects\myschoolproject_df\myschoolproject_df\debug\vc100.pdb
c:\users\administrator\documents\visual studio 2010\projects\win32projects\myschoolproject_df\myschoolproject_df\debug\header.obj
c:\users\administrator\documents\visual studio 2010\projects\win32projects\myschoolproject_df\myschoolproject_df\debug\object.obj
c:\users\administrator\documents\visual studio 2010\projects\win32projects\myschoolproject_df\myschoolproject_df\debug\object_background.obj
c:\users\administrator\documents\visual studio 2010\projects\win32projects\myschoolproject_df\myschoolproject_df\debug\object_hero.obj
c:\users\administrator\documents\visual studio 2010\projects\win32projects\myschoolproject_df\debug\myschoolproject_df.ilk
c:\users\administrator\documents\visual studio 2010\projects\win32projects\myschoolproject_df\debug\myschoolproject_df.exe
c:\users\administrator\documents\visual studio 2010\projects\win32projects\myschoolproject_df\myschoolproject_df\debug\myschoolproject_df.exe.intermediate.manifest
c:\users\administrator\documents\visual studio 2010\projects\win32projects\myschoolproject_df\debug\myschoolproject_df.pdb
c:\users\administrator\documents\visual studio 2010\projects\win32projects\myschoolproject_df\myschoolproject_df\debug\myschoolproject_df.exe.embed.manifest
c:\users\administrator\documents\visual studio 2010\projects\win32projects\myschoolproject_df\myschoolproject_df\debug\myschoolproject_df.exe.embed.manifest.res
c:\users\administrator\documents\visual studio 2010\projects\win32projects\myschoolproject_df\myschoolproject_df\debug\myschoolproject_df.res
c:\users\maybe\downloads\myschoolproject_df_20140527.vol1\myschoolproject_df\debug\vc120.pdb
c:\users\maybe\downloads\myschoolproject_df_20140527.vol1\myschoolproject_df\debug\vc120.idb
c:\users\maybe\downloads\myschoolproject_df_20140527.vol1\myschoolproject_df\debug\header.obj
c:\users\maybe\downloads\myschoolproject_df_20140527.vol1\myschoolproject_df\debug\object.obj
c:\users\maybe\downloads\myschoolproject_df_20140527.vol1\myschoolproject_df\debug\object_background.obj
c:\users\maybe\downloads\myschoolproject_df_20140527.vol1\myschoolproject_df\debug\object_hero.obj
c:\users\maybe\downloads\myschoolproject_df_20140527.vol1\myschoolproject_df\debug\source.obj
c:\users\maybe\downloads\myschoolproject_df_20140527.vol1\myschoolproject_df\debug\myschoolproject_df.res
c:\users\maybe\downloads\myschoolproject_df_20140527.vol1\myschoolproject_df\debug\myschoolproject_df.vcxprojresolveassemblyreference.cache
c:\users\maybe\downloads\myschoolproject_df_20140527.vol1\myschoolproject_df\debug\cl.command.1.tlog
c:\users\maybe\downloads\myschoolproject_df_20140527.vol1\myschoolproject_df\debug\cl.read.1.tlog
c:\users\maybe\downloads\myschoolproject_df_20140527.vol1\myschoolproject_df\debug\cl.write.1.tlog
c:\users\maybe\downloads\myschoolproject_df_20140527.vol1\myschoolproject_df\debug\link-cvtres.read.1.tlog
c:\users\maybe\downloads\myschoolproject_df_20140527.vol1\myschoolproject_df\debug\link-cvtres.write.1.tlog
c:\users\maybe\downloads\myschoolproject_df_20140527.vol1\myschoolproject_df\debug\link.3240-cvtres.read.1.tlog
c:\users\maybe\downloads\myschoolproject_df_20140527.vol1\myschoolproject_df\debug\link.3240-cvtres.write.1.tlog
c:\users\maybe\downloads\myschoolproject_df_20140527.vol1\myschoolproject_df\debug\link.3240.read.1.tlog
c:\users\maybe\downloads\myschoolproject_df_20140527.vol1\myschoolproject_df\debug\link.3240.write.1.tlog
c:\users\maybe\downloads\myschoolproject_df_20140527.vol1\myschoolproject_df\debug\link.4288-cvtres.read.1.tlog
c:\users\maybe\downloads\myschoolproject_df_20140527.vol1\myschoolproject_df\debug\link.4288-cvtres.write.1.tlog
c:\users\maybe\downloads\myschoolproject_df_20140527.vol1\myschoolproject_df\debug\link.4288.read.1.tlog
c:\users\maybe\downloads\myschoolproject_df_20140527.vol1\myschoolproject_df\debug\link.4288.write.1.tlog
c:\users\maybe\downloads\myschoolproject_df_20140527.vol1\myschoolproject_df\debug\link.4640-cvtres.read.1.tlog
c:\users\maybe\downloads\myschoolproject_df_20140527.vol1\myschoolproject_df\debug\link.4640-cvtres.write.1.tlog
c:\users\maybe\downloads\myschoolproject_df_20140527.vol1\myschoolproject_df\debug\link.4640.read.1.tlog
c:\users\maybe\downloads\myschoolproject_df_20140527.vol1\myschoolproject_df\debug\link.4640.write.1.tlog
c:\users\maybe\downloads\myschoolproject_df_20140527.vol1\myschoolproject_df\debug\link.command.1.tlog
c:\users\maybe\downloads\myschoolproject_df_20140527.vol1\myschoolproject_df\debug\link.read.1.tlog
c:\users\maybe\downloads\myschoolproject_df_20140527.vol1\myschoolproject_df\debug\link.write.1.tlog
c:\users\maybe\downloads\myschoolproject_df_20140527.vol1\myschoolproject_df\debug\mt.command.1.tlog
c:\users\maybe\downloads\myschoolproject_df_20140527.vol1\myschoolproject_df\debug\mt.read.1.tlog
c:\users\maybe\downloads\myschoolproject_df_20140527.vol1\myschoolproject_df\debug\mt.write.1.tlog
c:\users\maybe\downloads\myschoolproject_df_20140527.vol1\myschoolproject_df\debug\myschoolproject_df.write.1.tlog
c:\users\maybe\downloads\myschoolproject_df_20140527.vol1\myschoolproject_df\debug\rc.command.1.tlog
c:\users\maybe\downloads\myschoolproject_df_20140527.vol1\myschoolproject_df\debug\rc.read.1.tlog
c:\users\maybe\downloads\myschoolproject_df_20140527.vol1\myschoolproject_df\debug\rc.write.1.tlog
c:\users\maybe\downloads\myschoolproject_df_20140527.vol1\myschoolproject_df\debug\myschoolproject_df.exe.embed.manifest
c:\users\maybe\downloads\myschoolproject_df_20140527.vol1\myschoolproject_df\debug\myschoolproject_df.exe.intermediate.manifest
c:\users\maybe\downloads\myschoolproject_df_20140527.vol1\myschoolproject_df\debug\myschoolproject_df.exe.embed.manifest.res
c:\users\maybe\downloads\myschoolproject_df_20140527.vol1\myschoolproject_df\debug\vc100.idb
c:\users\maybe\downloads\myschoolproject_df_20140527.vol1\myschoolproject_df\debug\vc100.pdb
c:\users\maybe\downloads\myschoolproject_df_20140527.vol1\myschoolproject_df\debug\myschoolproject_df_manifest.rc
c:\users\maybe\downloads\myschoolproject_df_20140527.vol1\debug\myschoolproject_df.pdb
c:\users\maybe\downloads\myschoolproject_df_20140527.vol1\myschoolproject_df\debug\myschool.1cd9db3a.tlog\cl.command.1.tlog
c:\users\maybe\downloads\myschoolproject_df_20140527.vol1\myschoolproject_df\debug\myschool.1cd9db3a.tlog\cl.read.1.tlog
c:\users\maybe\downloads\myschoolproject_df_20140527.vol1\myschoolproject_df\debug\myschool.1cd9db3a.tlog\cl.write.1.tlog
c:\users\maybe\downloads\myschoolproject_df_20140527.vol1\myschoolproject_df\debug\myschool.1cd9db3a.tlog\link-cvtres.read.1.tlog
c:\users\maybe\downloads\myschoolproject_df_20140527.vol1\myschoolproject_df\debug\myschool.1cd9db3a.tlog\link-cvtres.write.1.tlog
c:\users\maybe\downloads\myschoolproject_df_20140527.vol1\myschoolproject_df\debug\myschool.1cd9db3a.tlog\link-rc.read.1.tlog
c:\users\maybe\downloads\myschoolproject_df_20140527.vol1\myschoolproject_df\debug\myschool.1cd9db3a.tlog\link-rc.write.1.tlog
c:\users\maybe\downloads\myschoolproject_df_20140527.vol1\myschoolproject_df\debug\myschool.1cd9db3a.tlog\link.command.1.tlog
c:\users\maybe\downloads\myschoolproject_df_20140527.vol1\myschoolproject_df\debug\myschool.1cd9db3a.tlog\link.read.1.tlog
c:\users\maybe\downloads\myschoolproject_df_20140527.vol1\myschoolproject_df\debug\myschool.1cd9db3a.tlog\link.write.1.tlog
c:\users\maybe\downloads\myschoolproject_df_20140527.vol1\myschoolproject_df\debug\myschool.1cd9db3a.tlog\rc.command.1.tlog
c:\users\maybe\downloads\myschoolproject_df_20140527.vol1\myschoolproject_df\debug\myschool.1cd9db3a.tlog\rc.read.1.tlog
c:\users\maybe\downloads\myschoolproject_df_20140527.vol1\myschoolproject_df\debug\myschool.1cd9db3a.tlog\rc.write.1.tlog
